# RTL_ID 22011200
#
# Events:
#    N - no event
#    E - exception
#    I - interrupt
#    W - wakeup
# =====================================================================================
# : Core Reset
# =====================================================================================
# Test: illegal.hex
#           Time   Ev  Curr_PC    Instr      Next_PC    Reg        Value     
# =====================================================================================
               3   N   00000000   00000000   00002000   ---        --------
               6   N   00002000   0000e101   00002004   x10_a0     00000000
               7   N   00002004   00004e01   00002006   ---        --------
               8   N   00002006   00000297   00002008   x28_t3     00000000
               9   N   00002008   87828293   0000200c   x05_t0     00002008
              10   N   0000200c   30529073   00002010   x05_t0     00001880
              11   N   00002010   00004505   00002014   ---        --------
              12   N   00002014   0000057e   00002016   x10_a0     00000001
              13   N   00002016   00054863   00002018   x10_a0     80000000
              14   N   00002018   0ff0000f   00002028   ---        --------
              17   N   00002028   00028f63   0000202c   x05_t0     00000000
              18   N   0000202c   10529073   0000204a   ---        --------
              22   N   0000204a   00006509   0000204e   ---        --------
              23   N   0000204e   00006509   0000204e   ---        --------
              24   N   0000204e   80050513   00002050   x10_a0     00002000
              25   N   00002050   30052073   00002054   x10_a0     00001800
              26   N   00002054   00000297   00002058   ---        --------
              27   N   00002058   00000297   00002058   ---        --------
              28   N   00002058   3b828293   0000205c   x05_t0     00002058
              29   N   0000205c   34129073   00002060   x05_t0     00002410
              30   N   00002060   f1402573   00002064   ---        --------
              31   N   00002064   30200073   00002068   x10_a0     00000000
              33   N   00002068   00000000   00002410   ---        --------
              36   N   00002410   00000000   00002414   x28_t3     00000002
              37   E   00002414   00000000   00001880   mstatus    00001800
              37   E   00002414   00000000   00001880   mepc       00002414
              37   E   00002414   00000000   00001880   mcause     00000002
              37   E   00002414   00000000   00001880   mtval      00000000
              40   N   00001880   000047a1   00001884   x14_a4     00000002
              41   N   00001884   04f70263   00001886   x15_a5     00000008
              42   N   00001886   000047a5   0000188a   ---        --------
              43   N   0000188a   02f70f63   0000188c   x15_a5     00000009
              44   N   0000188c   000047ad   00001890   ---        --------
              45   N   00001890   02f70c63   00001892   x15_a5     0000000b
              46   N   00001892   47ad0837   00001896   ---        --------
              48   N   00001896   02f71897   0000189a   x16_a6     f0000000
              50   N   0000189a   f0008893   0000189e   x17_a7     0000289a
              52   N   0000189e   00008783   000018a2   x17_a7     00002400
              55   N   000018a2   0000c791   000018a6   x15_a5     00000069
              56   N   000018a6   00f82023   000018a8   ---        --------
              58   N   000018a8   00000885   000018ac   ---        --------
              59   N   000018ac   ff5ff06f   000018ae   x17_a7     00002401
              60   N   000018ae   08851717   000018a2   ---        --------
              65   N   000018a2   0000c791   000018a6   x15_a5     0000006c
              66   N   000018a6   00f82023   000018a8   ---        --------
              68   N   000018a8   00000885   000018ac   ---        --------
              69   N   000018ac   ff5ff06f   000018ae   x17_a7     00002402
              70   N   000018ae   08851717   000018a2   ---        --------
              75   N   000018a2   0000c791   000018a6   x15_a5     0000006c
              76   N   000018a6   00f82023   000018a8   ---        --------
              78   N   000018a8   00000885   000018ac   ---        --------
              79   N   000018ac   ff5ff06f   000018ae   x17_a7     00002403
              80   N   000018ae   08851717   000018a2   ---        --------
              85   N   000018a2   0000c791   000018a6   x15_a5     00000065
              86   N   000018a6   00f82023   000018a8   ---        --------
              88   N   000018a8   00000885   000018ac   ---        --------
              89   N   000018ac   ff5ff06f   000018ae   x17_a7     00002404
              90   N   000018ae   08851717   000018a2   ---        --------
              95   N   000018a2   0000c791   000018a6   x15_a5     00000078
              96   N   000018a6   00f82023   000018a8   ---        --------
              98   N   000018a8   00000885   000018ac   ---        --------
              99   N   000018ac   ff5ff06f   000018ae   x17_a7     00002405
             100   N   000018ae   08851717   000018a2   ---        --------
             105   N   000018a2   0000c791   000018a6   x15_a5     00000020
             106   N   000018a6   00f82023   000018a8   ---        --------
             108   N   000018a8   00000885   000018ac   ---        --------
             109   N   000018ac   ff5ff06f   000018ae   x17_a7     00002406
             110   N   000018ae   08851717   000018a2   ---        --------
             115   N   000018a2   0000c791   000018a6   x15_a5     00000069
             116   N   000018a6   00f82023   000018a8   ---        --------
             118   N   000018a8   00000885   000018ac   ---        --------
             119   N   000018ac   ff5ff06f   000018ae   x17_a7     00002407
             120   N   000018ae   08851717   000018a2   ---        --------
             125   N   000018a2   0000c791   000018a6   x15_a5     00000073
             126   N   000018a6   00f82023   000018a8   ---        --------
             128   N   000018a8   00000885   000018ac   ---        --------
             129   N   000018ac   ff5ff06f   000018ae   x17_a7     00002408
             130   N   000018ae   08851717   000018a2   ---        --------
             135   N   000018a2   0000c791   000018a6   x15_a5     00000020
             136   N   000018a6   00f82023   000018a8   ---        --------
             138   N   000018a8   00000885   000018ac   ---        --------
             139   N   000018ac   ff5ff06f   000018ae   x17_a7     00002409
             140   N   000018ae   08851717   000018a2   ---        --------
             145   N   000018a2   0000c791   000018a6   x15_a5     00000044
             146   N   000018a6   00f82023   000018a8   ---        --------
             148   N   000018a8   00000885   000018ac   ---        --------
             149   N   000018ac   ff5ff06f   000018ae   x17_a7     0000240a
             150   N   000018ae   08851717   000018a2   ---        --------
             155   N   000018a2   0000c791   000018a6   x15_a5     00000065
             156   N   000018a6   00f82023   000018a8   ---        --------
             158   N   000018a8   00000885   000018ac   ---        --------
             159   N   000018ac   ff5ff06f   000018ae   x17_a7     0000240b
             160   N   000018ae   08851717   000018a2   ---        --------
             165   N   000018a2   0000c791   000018a6   x15_a5     00000074
             166   N   000018a6   00f82023   000018a8   ---        --------
             168   N   000018a8   00000885   000018ac   ---        --------
             169   N   000018ac   ff5ff06f   000018ae   x17_a7     0000240c
             170   N   000018ae   08851717   000018a2   ---        --------
             175   N   000018a2   0000c791   000018a6   x15_a5     00000065
             176   N   000018a6   00f82023   000018a8   ---        --------
             178   N   000018a8   00000885   000018ac   ---        --------
             179   N   000018ac   ff5ff06f   000018ae   x17_a7     0000240d
             180   N   000018ae   08851717   000018a2   ---        --------
             185   N   000018a2   0000c791   000018a6   x15_a5     00000063
             186   N   000018a6   00f82023   000018a8   ---        --------
             188   N   000018a8   00000885   000018ac   ---        --------
             189   N   000018ac   ff5ff06f   000018ae   x17_a7     0000240e
             190   N   000018ae   08851717   000018a2   ---        --------
             195   N   000018a2   0000c791   000018a6   x15_a5     00000074
             196   N   000018a6   00f82023   000018a8   ---        --------
             198   N   000018a8   00000885   000018ac   ---        --------
             199   N   000018ac   ff5ff06f   000018ae   x17_a7     0000240f
             200   N   000018ae   08851717   000018a2   ---        --------
             205   N   000018a2   0000c791   000018a6   x15_a5     00000000
             206   N   000018a6   00f82023   000018b2   ---        --------
             210   N   000018b2   20230713   000018b6   x14_a4     000028b2
             212   N   000018b6   0000c311   000018ba   x14_a4     00002600
             213   N   000018ba   00008702   000018bc   ---        --------
             214   N   000018bc   34202773   00002600   ---        --------
             217   N   00002600   e65ff06f   00002640   ---        --------
             220   N   00002640   342022f3   00002644   x06_t1     00000002
             221   N   00002644   ec6292e3   00002648   x05_t0     00000002
             222   N   00002648   341022f3   0000264c   ---        --------
             223   N   0000264c   343023f3   00002650   x05_t0     00002414
             224   N   00002650   00038e63   00002654   x07_t2     00000000
             225   N   00002654   0002d303   00002670   ---        --------
             228   N   00002670   da430313   00002674   x06_t1     00002670
             229   N   00002674   04628e63   00002678   x06_t1     00002414
             230   N   00002678   00000317   000026d4   ---        --------
             233   N   000026d4   34129073   000026d8   x05_t0     0000241c
             234   N   000026d8   30200073   000026dc   ---        --------
             236   N   000026dc   00200337   0000241c   ---        --------
             239   N   0000241c   80028293   00002420   x05_t0     00002000
             240   N   00002420   3002b073   00002424   x05_t0     00001800
             241   N   00002424   00001337   00002428   ---        --------
             242   N   00002428   00001337   00002428   ---        --------
             243   N   00002428   80030313   0000242c   x06_t1     00001000
             244   N   0000242c   30032073   00002430   x06_t1     00000800
             245   N   00002430   300023f3   00002434   ---        --------
             246   N   00002434   300023f3   00002434   ---        --------
             247   N   00002434   0053f3b3   00002438   x07_t2     00001880
             248   N   00002438   0e731063   0000243c   x07_t2     00001800
             249   N   0000243c   34415073   0000251c   ---        --------
             252   N   0000251c   000e0593   00002520   ---        --------
             253   N   00002520   00000513   00002524   x11_a1     00000002
             254   N   00002524   00000073   00002528   x10_a0     00000000
             255   E   00002528   00000013   00001880   mstatus    00001800
             255   E   00002528   00000013   00001880   mepc       00002528
             255   E   00002528   00000013   00001880   mcause     0000000b
             255   E   00002528   00000013   00001880   mtval      00000000
             258   N   00001880   000047a1   00001884   x14_a4     0000000b
             259   N   00001884   04f70263   00001886   x15_a5     00000008
             260   N   00001886   000047a5   0000188a   ---        --------
             261   N   0000188a   02f70f63   0000188c   x15_a5     00000009
             262   N   0000188c   000047ad   00001890   ---        --------
             263   N   00001890   02f70c63   00001892   x15_a5     0000000b
             264   N   00001892   47ad0837   000018ca   ---        --------
             268   N   000018ca   08370013   000027e0   ---        --------
             271   N   000027e0   91428293   000027e4   x05_t0     000007e0
             272   N   000027e4   00008282   000027e8   x05_t0     000000f4
             273   N   000027e8   00000013   000000f4   ---        --------
             276   N   000000f4   0000006f   000000f8   ---        --------
             277   N   000000f8   ffffffff   000000f8   ---        --------
